Assembler report for vdu-board
Mon Dec  3 09:09:01 2012
Quartus II 32-bit Version 12.1 Build 177 11/07/2012 SJ Web Edition


---------------------
; Table of Contents ;
---------------------
  1. Legal Notice
  2. Assembler Summary
  3. Assembler Settings
  4. Assembler Generated Files
  5. Assembler Device Options: vdu-board.pof
  6. Assembler Messages



----------------
; Legal Notice ;
----------------
Copyright (C) 1991-2012 Altera Corporation
Your use of Altera Corporation's design tools, logic functions 
and other software and tools, and its AMPP partner logic 
functions, and any output files from any of the foregoing 
(including device programming or simulation files), and any 
associated documentation or information are expressly subject 
to the terms and conditions of the Altera Program License 
Subscription Agreement, Altera MegaCore Function License 
Agreement, or other applicable license agreement, including, 
without limitation, that your use is for the sole purpose of 
programming logic devices manufactured by Altera and sold by 
Altera or its authorized distributors.  Please refer to the 
applicable agreement for further details.



+---------------------------------------------------------------+
; Assembler Summary                                             ;
+-----------------------+---------------------------------------+
; Assembler Status      ; Successful - Mon Dec  3 09:09:01 2012 ;
; Revision Name         ; vdu-board                             ;
; Top-level Entity Name ; video                                 ;
; Family                ; MAX V                                 ;
; Device                ; 5M570ZT144C4                          ;
+-----------------------+---------------------------------------+


+---------------------------------------------------------------------------------------------------------+
; Assembler Settings                                                                                      ;
+-----------------------------------------------------------------------------+-----------+---------------+
; Option                                                                      ; Setting   ; Default Value ;
+-----------------------------------------------------------------------------+-----------+---------------+
; Use smart compilation                                                       ; On        ; Off           ;
; Enable parallel Assembler and TimeQuest Timing Analyzer during compilation  ; On        ; On            ;
; Enable compact report table                                                 ; Off       ; Off           ;
; Compression mode                                                            ; Off       ; Off           ;
; Clock source for configuration device                                       ; Internal  ; Internal      ;
; Clock frequency of the configuration device                                 ; 10 MHZ    ; 10 MHz        ;
; Divide clock frequency by                                                   ; 1         ; 1             ;
; Auto user code                                                              ; Off       ; Off           ;
; Security bit                                                                ; Off       ; Off           ;
; Use configuration device                                                    ; On        ; On            ;
; Configuration device                                                        ; Auto      ; Auto          ;
; Configuration device auto user code                                         ; Off       ; Off           ;
; Generate Tabular Text File (.ttf) For Target Device                         ; Off       ; Off           ;
; Generate Raw Binary File (.rbf) For Target Device                           ; Off       ; Off           ;
; Generate Hexadecimal (Intel-Format) Output File (.hexout) for Target Device ; Off       ; Off           ;
; Hexadecimal Output File start address                                       ; 0         ; 0             ;
; Hexadecimal Output File count direction                                     ; Up        ; Up            ;
; Generate Serial Vector Format File (.svf) for Target Device                 ; Off       ; Off           ;
; Generate a JEDEC STAPL Format File (.jam) for Target Device                 ; Off       ; Off           ;
; Generate a compressed Jam STAPL Byte Code 2.0 File (.jbc) for Target Device ; Off       ; Off           ;
; Generate a compressed Jam STAPL Byte Code 2.0 File (.jbc) for Target Device ; On        ; On            ;
; In-System Programming Default Clamp State                                   ; Tri-state ; Tri-state     ;
+-----------------------------------------------------------------------------+-----------+---------------+


+---------------------------+
; Assembler Generated Files ;
+---------------------------+
; File Name                 ;
+---------------------------+
; vdu-board.pof             ;
+---------------------------+


+-----------------------------------------+
; Assembler Device Options: vdu-board.pof ;
+----------------+------------------------+
; Option         ; Setting                ;
+----------------+------------------------+
; Device         ; 5M570ZT144C4           ;
; JTAG usercode  ; 0xFFFFFFFF             ;
; Checksum       ; 0x002FA6D9             ;
+----------------+------------------------+


+--------------------+
; Assembler Messages ;
+--------------------+
Info: *******************************************************************
Info: Running Quartus II 32-bit Assembler
    Info: Version 12.1 Build 177 11/07/2012 SJ Web Edition
    Info: Processing started: Mon Dec  3 09:09:00 2012
Info: Command: quartus_asm --read_settings_files=off --write_settings_files=off vdu-board -c vdu-board
Info (115031): Writing out detailed assembly data for power analysis
Info (115030): Assembler is generating device programming files
Info: Quartus II 32-bit Assembler was successful. 0 errors, 0 warnings
    Info: Peak virtual memory: 285 megabytes
    Info: Processing ended: Mon Dec  3 09:09:01 2012
    Info: Elapsed time: 00:00:01
    Info: Total CPU time (on all processors): 00:00:01


