Flow report for vdu-board
Mon Dec  3 09:40:56 2012
Quartus II 32-bit Version 12.1 Build 177 11/07/2012 SJ Web Edition


---------------------
; Table of Contents ;
---------------------
  1. Legal Notice
  2. Flow Summary
  3. Flow Settings
  4. Flow Non-Default Global Settings
  5. Flow Elapsed Time
  6. Flow OS Summary
  7. Flow Log



----------------
; Legal Notice ;
----------------
Copyright (C) 1991-2012 Altera Corporation
Your use of Altera Corporation's design tools, logic functions 
and other software and tools, and its AMPP partner logic 
functions, and any output files from any of the foregoing 
(including device programming or simulation files), and any 
associated documentation or information are expressly subject 
to the terms and conditions of the Altera Program License 
Subscription Agreement, Altera MegaCore Function License 
Agreement, or other applicable license agreement, including, 
without limitation, that your use is for the sole purpose of 
programming logic devices manufactured by Altera and sold by 
Altera or its authorized distributors.  Please refer to the 
applicable agreement for further details.



+----------------------------------------------------------------------+
; Flow Summary                                                         ;
+---------------------------+------------------------------------------+
; Flow Status               ; Successful - Mon Dec  3 09:40:56 2012    ;
; Quartus II 32-bit Version ; 12.1 Build 177 11/07/2012 SJ Web Edition ;
; Revision Name             ; vdu-board                                ;
; Top-level Entity Name     ; video                                    ;
; Family                    ; MAX V                                    ;
; Total logic elements      ; 385 / 570 ( 68 % )                       ;
; Total pins                ; 87 / 114 ( 76 % )                        ;
; Total virtual pins        ; 0                                        ;
; UFM blocks                ; 0 / 1 ( 0 % )                            ;
; Device                    ; 5M570ZT144C4                             ;
; Timing Models             ; Final                                    ;
+---------------------------+------------------------------------------+


+-----------------------------------------+
; Flow Settings                           ;
+-------------------+---------------------+
; Option            ; Setting             ;
+-------------------+---------------------+
; Start date & time ; 12/03/2012 08:55:43 ;
; Main task         ; Compilation         ;
; Revision Name     ; vdu-board           ;
+-------------------+---------------------+


+---------------------------------------------------------------------------------------------------------------+
; Flow Non-Default Global Settings                                                                              ;
+-------------------------------------+------------------------------+---------------+-------------+------------+
; Assignment Name                     ; Value                        ; Default Value ; Entity Name ; Section Id ;
+-------------------------------------+------------------------------+---------------+-------------+------------+
; COMPILER_SIGNATURE_ID               ; 120887746582.135451774324718 ; --            ; --          ; --         ;
; PARTITION_COLOR                     ; 16764057                     ; --            ; video       ; Top        ;
; PARTITION_FITTER_PRESERVATION_LEVEL ; PLACEMENT_AND_ROUTING        ; --            ; video       ; Top        ;
; PARTITION_NETLIST_TYPE              ; SOURCE                       ; --            ; video       ; Top        ;
; PROJECT_OUTPUT_DIRECTORY            ; output_files                 ; --            ; --          ; --         ;
; SMART_RECOMPILE                     ; On                           ; Off           ; --          ; --         ;
; TOP_LEVEL_ENTITY                    ; video                        ; vdu-board     ; --          ; --         ;
+-------------------------------------+------------------------------+---------------+-------------+------------+


+-------------------------------------------------------------------------------------------------------------------------------+
; Flow Elapsed Time                                                                                                             ;
+---------------------------+--------------+-------------------------+---------------------+------------------------------------+
; Module Name               ; Elapsed Time ; Average Processors Used ; Peak Virtual Memory ; Total CPU Time (on all processors) ;
+---------------------------+--------------+-------------------------+---------------------+------------------------------------+
; Analysis & Synthesis      ; 00:00:07     ; 1.0                     ; 316 MB              ; 00:00:04                           ;
; Fitter                    ; 00:00:13     ; 1.0                     ; 358 MB              ; 00:00:08                           ;
; Assembler                 ; 00:00:02     ; 1.0                     ; 296 MB              ; 00:00:01                           ;
; TimeQuest Timing Analyzer ; 00:00:05     ; 1.0                     ; 272 MB              ; 00:00:04                           ;
; Fitter                    ; 00:00:08     ; 1.0                     ; 355 MB              ; 00:00:08                           ;
; Assembler                 ; 00:00:01     ; 1.0                     ; 285 MB              ; 00:00:01                           ;
; TimeQuest Timing Analyzer ; 00:00:04     ; 1.0                     ; 277 MB              ; 00:00:04                           ;
; PowerPlay Power Analyzer  ; 00:00:03     ; 1.0                     ; 298 MB              ; 00:00:02                           ;
; PowerPlay Power Analyzer  ; 00:00:02     ; 1.0                     ; 298 MB              ; 00:00:02                           ;
; PowerPlay Power Analyzer  ; 00:00:02     ; 1.0                     ; 298 MB              ; 00:00:02                           ;
; Total                     ; 00:00:47     ; --                      ; --                  ; 00:00:36                           ;
+---------------------------+--------------+-------------------------+---------------------+------------------------------------+


+-----------------------------------------------------------------------------------------------------+
; Flow OS Summary                                                                                     ;
+---------------------------+------------------+------------------+------------------+----------------+
; Module Name               ; Machine Hostname ; OS Name          ; OS Version       ; Processor type ;
+---------------------------+------------------+------------------+------------------+----------------+
; Analysis & Synthesis      ; coyolxauhqui     ; Debian GNU/Linux ; Debian GNU/Linux ; i686           ;
; Fitter                    ; coyolxauhqui     ; Debian GNU/Linux ; Debian GNU/Linux ; i686           ;
; Assembler                 ; coyolxauhqui     ; Debian GNU/Linux ; Debian GNU/Linux ; i686           ;
; TimeQuest Timing Analyzer ; coyolxauhqui     ; Debian GNU/Linux ; Debian GNU/Linux ; i686           ;
; Fitter                    ; coyolxauhqui     ; Debian GNU/Linux ; Debian GNU/Linux ; i686           ;
; Assembler                 ; coyolxauhqui     ; Debian GNU/Linux ; Debian GNU/Linux ; i686           ;
; TimeQuest Timing Analyzer ; coyolxauhqui     ; Debian GNU/Linux ; Debian GNU/Linux ; i686           ;
; PowerPlay Power Analyzer  ; coyolxauhqui     ; Debian GNU/Linux ; Debian GNU/Linux ; i686           ;
; PowerPlay Power Analyzer  ; coyolxauhqui     ; Debian GNU/Linux ; Debian GNU/Linux ; i686           ;
; PowerPlay Power Analyzer  ; coyolxauhqui     ; Debian GNU/Linux ; Debian GNU/Linux ; i686           ;
+---------------------------+------------------+------------------+------------------+----------------+


------------
; Flow Log ;
------------
quartus_map --read_settings_files=on --write_settings_files=off vdu-board -c vdu-board
quartus_fit --read_settings_files=off --write_settings_files=off vdu-board -c vdu-board
quartus_asm --read_settings_files=off --write_settings_files=off vdu-board -c vdu-board
quartus_sta vdu-board -c vdu-board
quartus_fit --read_settings_files=on --write_settings_files=off vdu-board -c vdu-board
quartus_asm --read_settings_files=off --write_settings_files=off vdu-board -c vdu-board
quartus_sta vdu-board -c vdu-board
quartus_pow --read_settings_files=on --write_settings_files=off vdu-board -c vdu-board
quartus_pow --read_settings_files=on --write_settings_files=off vdu-board -c vdu-board
quartus_pow --read_settings_files=on --write_settings_files=off vdu-board -c vdu-board



